


ARM Macro Assembler    Page 1 


    1 00000000         ;/******************************************************
                       ********************//**
    2 00000000         ; * @file     startup_<Device>.s
    3 00000000         ; * @brief    CMSIS Cortex-M# Core Device Startup File f
                       or
    4 00000000         ; *           Device <Device>
    5 00000000         ; * @version  V3.01
    6 00000000         ; * @date     06. March 2012
    7 00000000         ; *
    8 00000000         ; * @note
    9 00000000         ; * Copyright (C) 2012 ARM Limited. All rights reserved.
                       
   10 00000000         ; *
   11 00000000         ; * @par
   12 00000000         ; * ARM Limited (ARM) is supplying this software for use
                        with Cortex-M
   13 00000000         ; * processor based microcontrollers.  This file can be 
                       freely distributed
   14 00000000         ; * within development tools that are supporting such AR
                       M based processors.
   15 00000000         ; *
   16 00000000         ; * @par
   17 00000000         ; * THIS SOFTWARE IS PROVIDED "AS IS".  NO WARRANTIES, W
                       HETHER EXPRESS, IMPLIED
   18 00000000         ; * OR STATUTORY, INCLUDING, BUT NOT LIMITED TO, IMPLIED
                        WARRANTIES OF
   19 00000000         ; * MERCHANTABILITY AND FITNESS FOR A PARTICULAR PURPOSE
                        APPLY TO THIS SOFTWARE.
   20 00000000         ; * ARM SHALL NOT, IN ANY CIRCUMSTANCES, BE LIABLE FOR S
                       PECIAL, INCIDENTAL, OR
   21 00000000         ; * CONSEQUENTIAL DAMAGES, FOR ANY REASON WHATSOEVER.
   22 00000000         ; *
   23 00000000         ; ******************************************************
                       ************************/
   24 00000000         ;/*
   25 00000000         ;//-------- <<< Use Configuration Wizard in Context Menu
                        >>> ------------------
   26 00000000         ;*/
   27 00000000         
   28 00000000         
   29 00000000         ; <h> Stack Configuration
   30 00000000         ;   <o> Stack Size (in Bytes) <0x0-0xFFFFFFFF:8>
   31 00000000         ; </h>
   32 00000000         
   33 00000000 00000400 
                       Stack_Size
                               EQU              0x00000400
   34 00000000         
   35 00000000                 AREA             STACK, NOINIT, READWRITE, ALIGN
=3
   36 00000000         Stack_Mem
                               SPACE            Stack_Size
   37 00000400         __initial_sp
   38 00000400         
   39 00000400         
   40 00000400         ; <h> Heap Configuration
   41 00000400         ;   <o>  Heap Size (in Bytes) <0x0-0xFFFFFFFF:8>
   42 00000400         ; </h>
   43 00000400         



ARM Macro Assembler    Page 2 


   44 00000400 00000C00 
                       Heap_Size
                               EQU              0x00000C00
   45 00000400         
   46 00000400                 AREA             HEAP, NOINIT, READWRITE, ALIGN=
3
   47 00000000         __heap_base
   48 00000000         Heap_Mem
                               SPACE            Heap_Size
   49 00000C00         __heap_limit
   50 00000C00         
   51 00000C00         
   52 00000C00                 PRESERVE8
   53 00000C00                 THUMB
   54 00000C00         
   55 00000C00         
   56 00000C00         ; Vector Table Mapped to Address 0 at Reset
   57 00000C00         
   58 00000C00                 AREA             RESET, DATA, READONLY
   59 00000000                 EXPORT           __Vectors
   60 00000000                 EXPORT           __Vectors_End
   61 00000000                 EXPORT           __Vectors_Size
   62 00000000         
   63 00000000 00000000 
                       __Vectors
                               DCD              __initial_sp ; Top of Stack
   64 00000004 00000000        DCD              Reset_Handler ; Reset Handler
   65 00000008 00000000        DCD              NMI_Handler ; NMI Handler
   66 0000000C 00000000        DCD              HardFault_Handler ; Hard Fault 
                                                            Handler
   67 00000010 00000000        DCD              MemManage_Handler 
                                                            ; MPU Fault Handler
                                                            
   68 00000014 00000000        DCD              BusFault_Handler 
                                                            ; Bus Fault Handler
                                                            
   69 00000018 00000000        DCD              UsageFault_Handler ; Usage Faul
                                                            t Handler
   70 0000001C 00000000        DCD              0           ; Reserved
   71 00000020 00000000        DCD              0           ; Reserved
   72 00000024 00000000        DCD              0           ; Reserved
   73 00000028 00000000        DCD              0           ; Reserved
   74 0000002C 00000000        DCD              SVC_Handler ; SVCall Handler
   75 00000030 00000000        DCD              DebugMon_Handler ; Debug Monito
                                                            r Handler
   76 00000034 00000000        DCD              0           ; Reserved
   77 00000038 00000000        DCD              PendSV_Handler ; PendSV Handler
                                                            
   78 0000003C 00000000        DCD              SysTick_Handler 
                                                            ; SysTick Handler
   79 00000040         
   80 00000040         ; External Interrupts
   81 00000040 00000000        DCD              OC0_IRQHandler ;  0: TIM 0 ISR
   82 00000044 00000000        DCD              VOR_TIM1_IRQHandler 
                                                            ;  1: TIM 1 ISR
   83 00000048 00000000        DCD              OC2_IRQHandler ;  2: General
   84 0000004C 00000000        DCD              VOR_UART0_IRQHandler 
                                                            ;  3: UART A ISR
   85 00000050 00000000        DCD              VOR_UART1_IRQHandler 



ARM Macro Assembler    Page 3 


                                                            ;  4: UART B ISR
   86 00000054 00000000        DCD              VOR_GPIO_IRQHandler 
                                                            ;  5: GPIO ISR
   87 00000058 00000000        DCD              VOR_SPI0_IRQHandler 
                                                            ;  6: SPI A ISR
   88 0000005C 00000000        DCD              VOR_SPI1_IRQHandler 
                                                            ;  7: SPI B ISR
   89 00000060 00000000        DCD              VOR_SPI2_IRQHandler 
                                                            ;  8: SPI C ISR
   90 00000064 00000000        DCD              VOR_I2C0_MS_IRQHandler ;  9: I2
                                                            C A Master ISR
   91 00000068 00000000        DCD              VOR_I2C0_SL_IRQHandler ; 10: I2
                                                            C A Slave ISR
   92 0000006C 00000000        DCD              VOR_I2C1_MS_IRQHandler ; 11: I2
                                                            C B Master ISR
   93 00000070 00000000        DCD              VOR_I2C1_SL_IRQHandler ; 12: I2
                                                            C B Slave ISR
   94 00000074 00000000        DCD              OC13_IRQHandler ; 13: General
   95 00000078 00000000        DCD              OC14_IRQHandler ; 14: General
   96 0000007C 00000000        DCD              OC15_IRQHandler ; 15: General
   97 00000080 00000000        DCD              OC16_IRQHandler ; 16: Reserved
   98 00000084 00000000        DCD              OC17_IRQHandler ; 17: Reserved
   99 00000088 00000000        DCD              OC18_IRQHandler ; 18: Reserved
  100 0000008C 00000000        DCD              OC19_IRQHandler ; 19: Reserved
  101 00000090 00000000        DCD              OC20_IRQHandler ; 20: Reserved
  102 00000094 00000000        DCD              OC21_IRQHandler ; 21: Reserved
  103 00000098 00000000        DCD              OC22_IRQHandler ; 22: Reserved
  104 0000009C 00000000        DCD              OC23_IRQHandler ; 23: Reserved
  105 000000A0 00000000        DCD              OC24_IRQHandler ; 24: Reserved
  106 000000A4 00000000        DCD              OC25_IRQHandler ; 25: Reserved
  107 000000A8 00000000        DCD              OC26_IRQHandler ; 26: Reserved
  108 000000AC 00000000        DCD              OC27_IRQHandler ; 27: Reserved
  109 000000B0 00000000        DCD              OC28_IRQHandler ; 28: Reserved
  110 000000B4 00000000        DCD              OC29_IRQHandler ; 29: Reserved
  111 000000B8 00000000        DCD              OC30_IRQHandler ; 30: Reserved
  112 000000BC 00000000        DCD              OC31_IRQHandler ; 31: Reserved
  113 000000C0         __Vectors_End
  114 000000C0         
  115 000000C0 000000C0 
                       __Vectors_Size
                               EQU              __Vectors_End - __Vectors
  116 000000C0         
  117 000000C0                 AREA             |.text|, CODE, READONLY
  118 00000000         
  119 00000000         
  120 00000000         ; Reset Handler
  121 00000000         
  122 00000000         Reset_Handler
                               PROC
  123 00000000                 EXPORT           Reset_Handler             [WEAK
]
  124 00000000                 IMPORT           SystemInit
  125 00000000                 IMPORT           __main
  126 00000000 4806            LDR              R0, =SystemInit
  127 00000002 4780            BLX              R0
  128 00000004 4806            LDR              R0, =__main
  129 00000006 4700            BX               R0
  130 00000008                 ENDP
  131 00000008         



ARM Macro Assembler    Page 4 


  132 00000008         
  133 00000008         ; Dummy Exception Handlers (infinite loops which can be 
                       modified)
  134 00000008         
  135 00000008         NMI_Handler
                               PROC
  136 00000008                 EXPORT           NMI_Handler               [WEAK
]
  137 00000008 E7FE            B                .
  138 0000000A                 ENDP
  140 0000000A         HardFault_Handler
                               PROC
  141 0000000A                 EXPORT           HardFault_Handler         [WEAK
]
  142 0000000A E7FE            B                .
  143 0000000C                 ENDP
  145 0000000C         MemManage_Handler
                               PROC
  146 0000000C                 EXPORT           MemManage_Handler         [WEAK
]
  147 0000000C E7FE            B                .
  148 0000000E                 ENDP
  150 0000000E         BusFault_Handler
                               PROC
  151 0000000E                 EXPORT           BusFault_Handler          [WEAK
]
  152 0000000E E7FE            B                .
  153 00000010                 ENDP
  155 00000010         UsageFault_Handler
                               PROC
  156 00000010                 EXPORT           UsageFault_Handler        [WEAK
]
  157 00000010 E7FE            B                .
  158 00000012                 ENDP
  159 00000012         SVC_Handler
                               PROC
  160 00000012                 EXPORT           SVC_Handler               [WEAK
]
  161 00000012 E7FE            B                .
  162 00000014                 ENDP
  164 00000014         DebugMon_Handler
                               PROC
  165 00000014                 EXPORT           DebugMon_Handler          [WEAK
]
  166 00000014 E7FE            B                .
  167 00000016                 ENDP
  169 00000016         PendSV_Handler
                               PROC
  170 00000016                 EXPORT           PendSV_Handler            [WEAK
]
  171 00000016 E7FE            B                .
  172 00000018                 ENDP
  174 00000018         SysTick_Handler
                               PROC
  175 00000018                 EXPORT           SysTick_Handler           [WEAK
]
  176 00000018 E7FE            B                .
  177 0000001A                 ENDP
  178 0000001A         



ARM Macro Assembler    Page 5 


  179 0000001A         Default_Handler
                               PROC
  180 0000001A         
  181 0000001A                 EXPORT           OC0_IRQHandler          [WEAK]
  182 0000001A                 EXPORT           VOR_TIM1_IRQHandler      [WEAK]
  183 0000001A                 EXPORT           OC2_IRQHandler            [WEAK
]
  184 0000001A                 EXPORT           VOR_UART0_IRQHandler      [WEAK
]
  185 0000001A                 EXPORT           VOR_UART1_IRQHandler      [WEAK
]
  186 0000001A                 EXPORT           VOR_GPIO_IRQHandler    [WEAK]
  187 0000001A                 EXPORT           VOR_SPI0_IRQHandler       [WEAK
]
  188 0000001A                 EXPORT           VOR_SPI1_IRQHandler       [WEAK
]
  189 0000001A                 EXPORT           VOR_SPI2_IRQHandler       [WEAK
]
  190 0000001A                 EXPORT           VOR_I2C0_MS_IRQHandler    [WEAK
]
  191 0000001A                 EXPORT           VOR_I2C0_SL_IRQHandler    [WEAK
]
  192 0000001A                 EXPORT           VOR_I2C1_MS_IRQHandler    [WEAK
]
  193 0000001A                 EXPORT           VOR_I2C1_SL_IRQHandler    [WEAK
]
  194 0000001A                 EXPORT           OC13_IRQHandler           [WEAK
]
  195 0000001A                 EXPORT           OC14_IRQHandler           [WEAK
]
  196 0000001A                 EXPORT           OC15_IRQHandler           [WEAK
]
  197 0000001A                 EXPORT           OC16_IRQHandler           [WEAK
]
  198 0000001A                 EXPORT           OC17_IRQHandler           [WEAK
]
  199 0000001A                 EXPORT           OC18_IRQHandler           [WEAK
]
  200 0000001A                 EXPORT           OC19_IRQHandler           [WEAK
]
  201 0000001A                 EXPORT           OC20_IRQHandler           [WEAK
]
  202 0000001A                 EXPORT           OC21_IRQHandler           [WEAK
]
  203 0000001A                 EXPORT           OC22_IRQHandler           [WEAK
]
  204 0000001A                 EXPORT           OC23_IRQHandler           [WEAK
]
  205 0000001A                 EXPORT           OC24_IRQHandler           [WEAK
]
  206 0000001A                 EXPORT           OC25_IRQHandler           [WEAK
]
  207 0000001A                 EXPORT           OC26_IRQHandler           [WEAK
]
  208 0000001A                 EXPORT           OC27_IRQHandler           [WEAK
]
  209 0000001A                 EXPORT           OC28_IRQHandler           [WEAK
]
  210 0000001A                 EXPORT           OC29_IRQHandler           [WEAK



ARM Macro Assembler    Page 6 


]
  211 0000001A                 EXPORT           OC30_IRQHandler           [WEAK
]
  212 0000001A                 EXPORT           OC31_IRQHandler           [WEAK
]
  213 0000001A         
  214 0000001A         OC0_IRQHandler
  215 0000001A         VOR_TIM1_IRQHandler
  216 0000001A         OC2_IRQHandler
  217 0000001A         VOR_UART0_IRQHandler
  218 0000001A         VOR_UART1_IRQHandler
  219 0000001A         VOR_GPIO_IRQHandler
  220 0000001A         VOR_SPI0_IRQHandler
  221 0000001A         VOR_SPI1_IRQHandler
  222 0000001A         VOR_SPI2_IRQHandler
  223 0000001A         VOR_I2C0_MS_IRQHandler
  224 0000001A         VOR_I2C0_SL_IRQHandler
  225 0000001A         VOR_I2C1_MS_IRQHandler
  226 0000001A         VOR_I2C1_SL_IRQHandler
  227 0000001A         OC13_IRQHandler
  228 0000001A         OC14_IRQHandler
  229 0000001A         OC15_IRQHandler
  230 0000001A         OC16_IRQHandler
  231 0000001A         OC17_IRQHandler
  232 0000001A         OC18_IRQHandler
  233 0000001A         OC19_IRQHandler
  234 0000001A         OC20_IRQHandler
  235 0000001A         OC21_IRQHandler
  236 0000001A         OC22_IRQHandler
  237 0000001A         OC23_IRQHandler
  238 0000001A         OC24_IRQHandler
  239 0000001A         OC25_IRQHandler
  240 0000001A         OC26_IRQHandler
  241 0000001A         OC27_IRQHandler
  242 0000001A         OC28_IRQHandler
  243 0000001A         OC29_IRQHandler
  244 0000001A         OC30_IRQHandler
  245 0000001A         OC31_IRQHandler
  246 0000001A E7FE            B                .
  247 0000001C         
  248 0000001C                 ENDP
  249 0000001C         
  250 0000001C                 ALIGN
  251 0000001C         
  252 0000001C         
  253 0000001C         ; User Initial Stack & Heap
  254 0000001C         
  255 0000001C                 IF               :DEF:__MICROLIB
  256 0000001C         
  257 0000001C                 EXPORT           __initial_sp
  258 0000001C                 EXPORT           __heap_base
  259 0000001C                 EXPORT           __heap_limit
  260 0000001C         
  261 0000001C                 ELSE
  276                          ENDIF
  277 0000001C         
  278 0000001C         
  279 0000001C                 END
              00000000 



ARM Macro Assembler    Page 7 


              00000000 
Command Line: --debug --xref --diag_suppress=9931 --cpu=Cortex-M0 --apcs=interw
ork --depend=.\objects\startup_va108xx.d -o.\objects\startup_va108xx.o -I.\RTE\
_reb1_va108xx -IC:\Keil_v5\ARM\PACK\Vorago\VA108xx\1.4.0\core -IC:\Keil_v5\ARM\
CMSIS\Include --predefine="__EVAL SETA 1" --predefine="__MICROLIB SETA 1" --pre
define="__UVISION_VERSION SETA 524" --predefine="VA108xx SETA 1" --list=.\listi
ngs\startup_va108xx.lst ..\..\common\src\startup_va108xx.s



ARM Macro Assembler    Page 1 Alphabetic symbol ordering
Relocatable symbols

STACK 00000000

Symbol: STACK
   Definitions
      At line 35 in file ..\..\common\src\startup_va108xx.s
   Uses
      None
Comment: STACK unused
Stack_Mem 00000000

Symbol: Stack_Mem
   Definitions
      At line 36 in file ..\..\common\src\startup_va108xx.s
   Uses
      None
Comment: Stack_Mem unused
__initial_sp 00000400

Symbol: __initial_sp
   Definitions
      At line 37 in file ..\..\common\src\startup_va108xx.s
   Uses
      At line 63 in file ..\..\common\src\startup_va108xx.s
      At line 257 in file ..\..\common\src\startup_va108xx.s

3 symbols



ARM Macro Assembler    Page 1 Alphabetic symbol ordering
Relocatable symbols

HEAP 00000000

Symbol: HEAP
   Definitions
      At line 46 in file ..\..\common\src\startup_va108xx.s
   Uses
      None
Comment: HEAP unused
Heap_Mem 00000000

Symbol: Heap_Mem
   Definitions
      At line 48 in file ..\..\common\src\startup_va108xx.s
   Uses
      None
Comment: Heap_Mem unused
__heap_base 00000000

Symbol: __heap_base
   Definitions
      At line 47 in file ..\..\common\src\startup_va108xx.s
   Uses
      At line 258 in file ..\..\common\src\startup_va108xx.s
Comment: __heap_base used once
__heap_limit 00000C00

Symbol: __heap_limit
   Definitions
      At line 49 in file ..\..\common\src\startup_va108xx.s
   Uses
      At line 259 in file ..\..\common\src\startup_va108xx.s
Comment: __heap_limit used once
4 symbols



ARM Macro Assembler    Page 1 Alphabetic symbol ordering
Relocatable symbols

RESET 00000000

Symbol: RESET
   Definitions
      At line 58 in file ..\..\common\src\startup_va108xx.s
   Uses
      None
Comment: RESET unused
__Vectors 00000000

Symbol: __Vectors
   Definitions
      At line 63 in file ..\..\common\src\startup_va108xx.s
   Uses
      At line 59 in file ..\..\common\src\startup_va108xx.s
      At line 115 in file ..\..\common\src\startup_va108xx.s

__Vectors_End 000000C0

Symbol: __Vectors_End
   Definitions
      At line 113 in file ..\..\common\src\startup_va108xx.s
   Uses
      At line 60 in file ..\..\common\src\startup_va108xx.s
      At line 115 in file ..\..\common\src\startup_va108xx.s

3 symbols



ARM Macro Assembler    Page 1 Alphabetic symbol ordering
Relocatable symbols

.text 00000000

Symbol: .text
   Definitions
      At line 117 in file ..\..\common\src\startup_va108xx.s
   Uses
      None
Comment: .text unused
BusFault_Handler 0000000E

Symbol: BusFault_Handler
   Definitions
      At line 150 in file ..\..\common\src\startup_va108xx.s
   Uses
      At line 68 in file ..\..\common\src\startup_va108xx.s
      At line 151 in file ..\..\common\src\startup_va108xx.s

DebugMon_Handler 00000014

Symbol: DebugMon_Handler
   Definitions
      At line 164 in file ..\..\common\src\startup_va108xx.s
   Uses
      At line 75 in file ..\..\common\src\startup_va108xx.s
      At line 165 in file ..\..\common\src\startup_va108xx.s

Default_Handler 0000001A

Symbol: Default_Handler
   Definitions
      At line 179 in file ..\..\common\src\startup_va108xx.s
   Uses
      None
Comment: Default_Handler unused
HardFault_Handler 0000000A

Symbol: HardFault_Handler
   Definitions
      At line 140 in file ..\..\common\src\startup_va108xx.s
   Uses
      At line 66 in file ..\..\common\src\startup_va108xx.s
      At line 141 in file ..\..\common\src\startup_va108xx.s

MemManage_Handler 0000000C

Symbol: MemManage_Handler
   Definitions
      At line 145 in file ..\..\common\src\startup_va108xx.s
   Uses
      At line 67 in file ..\..\common\src\startup_va108xx.s
      At line 146 in file ..\..\common\src\startup_va108xx.s

NMI_Handler 00000008

Symbol: NMI_Handler
   Definitions
      At line 135 in file ..\..\common\src\startup_va108xx.s
   Uses
      At line 65 in file ..\..\common\src\startup_va108xx.s



ARM Macro Assembler    Page 2 Alphabetic symbol ordering
Relocatable symbols

      At line 136 in file ..\..\common\src\startup_va108xx.s

OC0_IRQHandler 0000001A

Symbol: OC0_IRQHandler
   Definitions
      At line 214 in file ..\..\common\src\startup_va108xx.s
   Uses
      At line 81 in file ..\..\common\src\startup_va108xx.s
      At line 181 in file ..\..\common\src\startup_va108xx.s

OC13_IRQHandler 0000001A

Symbol: OC13_IRQHandler
   Definitions
      At line 227 in file ..\..\common\src\startup_va108xx.s
   Uses
      At line 94 in file ..\..\common\src\startup_va108xx.s
      At line 194 in file ..\..\common\src\startup_va108xx.s

OC14_IRQHandler 0000001A

Symbol: OC14_IRQHandler
   Definitions
      At line 228 in file ..\..\common\src\startup_va108xx.s
   Uses
      At line 95 in file ..\..\common\src\startup_va108xx.s
      At line 195 in file ..\..\common\src\startup_va108xx.s

OC15_IRQHandler 0000001A

Symbol: OC15_IRQHandler
   Definitions
      At line 229 in file ..\..\common\src\startup_va108xx.s
   Uses
      At line 96 in file ..\..\common\src\startup_va108xx.s
      At line 196 in file ..\..\common\src\startup_va108xx.s

OC16_IRQHandler 0000001A

Symbol: OC16_IRQHandler
   Definitions
      At line 230 in file ..\..\common\src\startup_va108xx.s
   Uses
      At line 97 in file ..\..\common\src\startup_va108xx.s
      At line 197 in file ..\..\common\src\startup_va108xx.s

OC17_IRQHandler 0000001A

Symbol: OC17_IRQHandler
   Definitions
      At line 231 in file ..\..\common\src\startup_va108xx.s
   Uses
      At line 98 in file ..\..\common\src\startup_va108xx.s
      At line 198 in file ..\..\common\src\startup_va108xx.s

OC18_IRQHandler 0000001A

Symbol: OC18_IRQHandler



ARM Macro Assembler    Page 3 Alphabetic symbol ordering
Relocatable symbols

   Definitions
      At line 232 in file ..\..\common\src\startup_va108xx.s
   Uses
      At line 99 in file ..\..\common\src\startup_va108xx.s
      At line 199 in file ..\..\common\src\startup_va108xx.s

OC19_IRQHandler 0000001A

Symbol: OC19_IRQHandler
   Definitions
      At line 233 in file ..\..\common\src\startup_va108xx.s
   Uses
      At line 100 in file ..\..\common\src\startup_va108xx.s
      At line 200 in file ..\..\common\src\startup_va108xx.s

OC20_IRQHandler 0000001A

Symbol: OC20_IRQHandler
   Definitions
      At line 234 in file ..\..\common\src\startup_va108xx.s
   Uses
      At line 101 in file ..\..\common\src\startup_va108xx.s
      At line 201 in file ..\..\common\src\startup_va108xx.s

OC21_IRQHandler 0000001A

Symbol: OC21_IRQHandler
   Definitions
      At line 235 in file ..\..\common\src\startup_va108xx.s
   Uses
      At line 102 in file ..\..\common\src\startup_va108xx.s
      At line 202 in file ..\..\common\src\startup_va108xx.s

OC22_IRQHandler 0000001A

Symbol: OC22_IRQHandler
   Definitions
      At line 236 in file ..\..\common\src\startup_va108xx.s
   Uses
      At line 103 in file ..\..\common\src\startup_va108xx.s
      At line 203 in file ..\..\common\src\startup_va108xx.s

OC23_IRQHandler 0000001A

Symbol: OC23_IRQHandler
   Definitions
      At line 237 in file ..\..\common\src\startup_va108xx.s
   Uses
      At line 104 in file ..\..\common\src\startup_va108xx.s
      At line 204 in file ..\..\common\src\startup_va108xx.s

OC24_IRQHandler 0000001A

Symbol: OC24_IRQHandler
   Definitions
      At line 238 in file ..\..\common\src\startup_va108xx.s
   Uses
      At line 105 in file ..\..\common\src\startup_va108xx.s
      At line 205 in file ..\..\common\src\startup_va108xx.s



ARM Macro Assembler    Page 4 Alphabetic symbol ordering
Relocatable symbols


OC25_IRQHandler 0000001A

Symbol: OC25_IRQHandler
   Definitions
      At line 239 in file ..\..\common\src\startup_va108xx.s
   Uses
      At line 106 in file ..\..\common\src\startup_va108xx.s
      At line 206 in file ..\..\common\src\startup_va108xx.s

OC26_IRQHandler 0000001A

Symbol: OC26_IRQHandler
   Definitions
      At line 240 in file ..\..\common\src\startup_va108xx.s
   Uses
      At line 107 in file ..\..\common\src\startup_va108xx.s
      At line 207 in file ..\..\common\src\startup_va108xx.s

OC27_IRQHandler 0000001A

Symbol: OC27_IRQHandler
   Definitions
      At line 241 in file ..\..\common\src\startup_va108xx.s
   Uses
      At line 108 in file ..\..\common\src\startup_va108xx.s
      At line 208 in file ..\..\common\src\startup_va108xx.s

OC28_IRQHandler 0000001A

Symbol: OC28_IRQHandler
   Definitions
      At line 242 in file ..\..\common\src\startup_va108xx.s
   Uses
      At line 109 in file ..\..\common\src\startup_va108xx.s
      At line 209 in file ..\..\common\src\startup_va108xx.s

OC29_IRQHandler 0000001A

Symbol: OC29_IRQHandler
   Definitions
      At line 243 in file ..\..\common\src\startup_va108xx.s
   Uses
      At line 110 in file ..\..\common\src\startup_va108xx.s
      At line 210 in file ..\..\common\src\startup_va108xx.s

OC2_IRQHandler 0000001A

Symbol: OC2_IRQHandler
   Definitions
      At line 216 in file ..\..\common\src\startup_va108xx.s
   Uses
      At line 83 in file ..\..\common\src\startup_va108xx.s
      At line 183 in file ..\..\common\src\startup_va108xx.s

OC30_IRQHandler 0000001A

Symbol: OC30_IRQHandler
   Definitions



ARM Macro Assembler    Page 5 Alphabetic symbol ordering
Relocatable symbols

      At line 244 in file ..\..\common\src\startup_va108xx.s
   Uses
      At line 111 in file ..\..\common\src\startup_va108xx.s
      At line 211 in file ..\..\common\src\startup_va108xx.s

OC31_IRQHandler 0000001A

Symbol: OC31_IRQHandler
   Definitions
      At line 245 in file ..\..\common\src\startup_va108xx.s
   Uses
      At line 112 in file ..\..\common\src\startup_va108xx.s
      At line 212 in file ..\..\common\src\startup_va108xx.s

PendSV_Handler 00000016

Symbol: PendSV_Handler
   Definitions
      At line 169 in file ..\..\common\src\startup_va108xx.s
   Uses
      At line 77 in file ..\..\common\src\startup_va108xx.s
      At line 170 in file ..\..\common\src\startup_va108xx.s

Reset_Handler 00000000

Symbol: Reset_Handler
   Definitions
      At line 122 in file ..\..\common\src\startup_va108xx.s
   Uses
      At line 64 in file ..\..\common\src\startup_va108xx.s
      At line 123 in file ..\..\common\src\startup_va108xx.s

SVC_Handler 00000012

Symbol: SVC_Handler
   Definitions
      At line 159 in file ..\..\common\src\startup_va108xx.s
   Uses
      At line 74 in file ..\..\common\src\startup_va108xx.s
      At line 160 in file ..\..\common\src\startup_va108xx.s

SysTick_Handler 00000018

Symbol: SysTick_Handler
   Definitions
      At line 174 in file ..\..\common\src\startup_va108xx.s
   Uses
      At line 78 in file ..\..\common\src\startup_va108xx.s
      At line 175 in file ..\..\common\src\startup_va108xx.s

UsageFault_Handler 00000010

Symbol: UsageFault_Handler
   Definitions
      At line 155 in file ..\..\common\src\startup_va108xx.s
   Uses
      At line 69 in file ..\..\common\src\startup_va108xx.s
      At line 156 in file ..\..\common\src\startup_va108xx.s




ARM Macro Assembler    Page 6 Alphabetic symbol ordering
Relocatable symbols

VOR_GPIO_IRQHandler 0000001A

Symbol: VOR_GPIO_IRQHandler
   Definitions
      At line 219 in file ..\..\common\src\startup_va108xx.s
   Uses
      At line 86 in file ..\..\common\src\startup_va108xx.s
      At line 186 in file ..\..\common\src\startup_va108xx.s

VOR_I2C0_MS_IRQHandler 0000001A

Symbol: VOR_I2C0_MS_IRQHandler
   Definitions
      At line 223 in file ..\..\common\src\startup_va108xx.s
   Uses
      At line 90 in file ..\..\common\src\startup_va108xx.s
      At line 190 in file ..\..\common\src\startup_va108xx.s

VOR_I2C0_SL_IRQHandler 0000001A

Symbol: VOR_I2C0_SL_IRQHandler
   Definitions
      At line 224 in file ..\..\common\src\startup_va108xx.s
   Uses
      At line 91 in file ..\..\common\src\startup_va108xx.s
      At line 191 in file ..\..\common\src\startup_va108xx.s

VOR_I2C1_MS_IRQHandler 0000001A

Symbol: VOR_I2C1_MS_IRQHandler
   Definitions
      At line 225 in file ..\..\common\src\startup_va108xx.s
   Uses
      At line 92 in file ..\..\common\src\startup_va108xx.s
      At line 192 in file ..\..\common\src\startup_va108xx.s

VOR_I2C1_SL_IRQHandler 0000001A

Symbol: VOR_I2C1_SL_IRQHandler
   Definitions
      At line 226 in file ..\..\common\src\startup_va108xx.s
   Uses
      At line 93 in file ..\..\common\src\startup_va108xx.s
      At line 193 in file ..\..\common\src\startup_va108xx.s

VOR_SPI0_IRQHandler 0000001A

Symbol: VOR_SPI0_IRQHandler
   Definitions
      At line 220 in file ..\..\common\src\startup_va108xx.s
   Uses
      At line 87 in file ..\..\common\src\startup_va108xx.s
      At line 187 in file ..\..\common\src\startup_va108xx.s

VOR_SPI1_IRQHandler 0000001A

Symbol: VOR_SPI1_IRQHandler
   Definitions
      At line 221 in file ..\..\common\src\startup_va108xx.s



ARM Macro Assembler    Page 7 Alphabetic symbol ordering
Relocatable symbols

   Uses
      At line 88 in file ..\..\common\src\startup_va108xx.s
      At line 188 in file ..\..\common\src\startup_va108xx.s

VOR_SPI2_IRQHandler 0000001A

Symbol: VOR_SPI2_IRQHandler
   Definitions
      At line 222 in file ..\..\common\src\startup_va108xx.s
   Uses
      At line 89 in file ..\..\common\src\startup_va108xx.s
      At line 189 in file ..\..\common\src\startup_va108xx.s

VOR_TIM1_IRQHandler 0000001A

Symbol: VOR_TIM1_IRQHandler
   Definitions
      At line 215 in file ..\..\common\src\startup_va108xx.s
   Uses
      At line 82 in file ..\..\common\src\startup_va108xx.s
      At line 182 in file ..\..\common\src\startup_va108xx.s

VOR_UART0_IRQHandler 0000001A

Symbol: VOR_UART0_IRQHandler
   Definitions
      At line 217 in file ..\..\common\src\startup_va108xx.s
   Uses
      At line 84 in file ..\..\common\src\startup_va108xx.s
      At line 184 in file ..\..\common\src\startup_va108xx.s

VOR_UART1_IRQHandler 0000001A

Symbol: VOR_UART1_IRQHandler
   Definitions
      At line 218 in file ..\..\common\src\startup_va108xx.s
   Uses
      At line 85 in file ..\..\common\src\startup_va108xx.s
      At line 185 in file ..\..\common\src\startup_va108xx.s

44 symbols



ARM Macro Assembler    Page 1 Alphabetic symbol ordering
Absolute symbols

Heap_Size 00000C00

Symbol: Heap_Size
   Definitions
      At line 44 in file ..\..\common\src\startup_va108xx.s
   Uses
      At line 48 in file ..\..\common\src\startup_va108xx.s
Comment: Heap_Size used once
Stack_Size 00000400

Symbol: Stack_Size
   Definitions
      At line 33 in file ..\..\common\src\startup_va108xx.s
   Uses
      At line 36 in file ..\..\common\src\startup_va108xx.s
Comment: Stack_Size used once
__Vectors_Size 000000C0

Symbol: __Vectors_Size
   Definitions
      At line 115 in file ..\..\common\src\startup_va108xx.s
   Uses
      At line 61 in file ..\..\common\src\startup_va108xx.s
Comment: __Vectors_Size used once
3 symbols



ARM Macro Assembler    Page 1 Alphabetic symbol ordering
External symbols

SystemInit 00000000

Symbol: SystemInit
   Definitions
      At line 124 in file ..\..\common\src\startup_va108xx.s
   Uses
      At line 126 in file ..\..\common\src\startup_va108xx.s
Comment: SystemInit used once
__main 00000000

Symbol: __main
   Definitions
      At line 125 in file ..\..\common\src\startup_va108xx.s
   Uses
      At line 128 in file ..\..\common\src\startup_va108xx.s
Comment: __main used once
2 symbols
395 symbols in table
